2024-11-26T17:19:57.875521Z 0 [Warning] [MY-011068] [Server] The syntax '--skip-host-cache' is deprecated and will be removed in a future release. Please use SET GLOBAL host_cache_size=0 instead.
2024-11-26T17:19:57.875541Z 0 [Warning] [MY-011070] [Server] 'binlog_format' is deprecated and will be removed in a future release.
2024-11-26T17:19:57.875559Z 0 [Warning] [MY-011069] [Server] The syntax '--transaction-write-set-extraction' is deprecated and will be removed in a future release.
2024-11-26T17:19:57.877945Z 0 [Warning] [MY-010918] [Server] 'default_authentication_plugin' is deprecated and will be removed in a future release. Please use authentication_policy instead.
2024-11-26T17:19:57.877961Z 0 [System] [MY-010116] [Server] /usr/sbin/mysqld (mysqld 8.0.40) starting as process 1
2024-11-26T17:19:57.899877Z 1 [System] [MY-013576] [InnoDB] InnoDB initialization has started.
2024-11-26T17:19:58.316376Z 1 [System] [MY-013577] [InnoDB] InnoDB initialization has ended.
2024-11-26T17:19:58.624227Z 0 [Warning] [MY-010068] [Server] CA certificate ca.pem is self signed.
2024-11-26T17:19:58.624476Z 0 [System] [MY-013602] [Server] Channel mysql_main configured to support TLS. Encrypted connections are now supported for this channel.
2024-11-26T17:19:58.627989Z 0 [Warning] [MY-011810] [Server] Insecure configuration for --pid-file: Location '/var/run/mysqld' in the path is accessible to all OS users. Consider choosing a different directory.
2024-11-26T17:19:58.629943Z 0 [ERROR] [MY-000067] [Server] unknown variable 'group_replication_allowlist=node1,node2,node3'.
2024-11-26T17:19:58.630306Z 0 [ERROR] [MY-010119] [Server] Aborting
2024-11-26T17:20:00.164115Z 0 [System] [MY-010910] [Server] /usr/sbin/mysqld: Shutdown complete (mysqld 8.0.40)  MySQL Community Server - GPL.
2024-11-26T17:21:34.398672Z 0 [Warning] [MY-011068] [Server] The syntax '--skip-host-cache' is deprecated and will be removed in a future release. Please use SET GLOBAL host_cache_size=0 instead.
2024-11-26T17:21:34.398697Z 0 [Warning] [MY-011070] [Server] 'binlog_format' is deprecated and will be removed in a future release.
2024-11-26T17:21:34.398718Z 0 [Warning] [MY-011069] [Server] The syntax '--transaction-write-set-extraction' is deprecated and will be removed in a future release.
2024-11-26T17:21:34.399255Z 0 [Warning] [MY-010918] [Server] 'default_authentication_plugin' is deprecated and will be removed in a future release. Please use authentication_policy instead.
2024-11-26T17:21:34.399271Z 0 [System] [MY-013169] [Server] /usr/sbin/mysqld (mysqld 8.0.40) initializing of server in progress as process 41
2024-11-26T17:21:34.425353Z 1 [System] [MY-013576] [InnoDB] InnoDB initialization has started.
2024-11-26T17:21:35.159781Z 1 [System] [MY-013577] [InnoDB] InnoDB initialization has ended.
2024-11-26T17:21:36.599063Z 0 [ERROR] [MY-000067] [Server] unknown variable 'group_replication_group_name=aaaaaaaa-bbbb-cccc-dddd-eeeeeeeeeeee'.
2024-11-26T17:21:36.599314Z 0 [ERROR] [MY-013236] [Server] The designated data directory /var/lib/mysql/ is unusable. You can remove all files that the server added to it.
2024-11-26T17:21:36.599474Z 0 [ERROR] [MY-010119] [Server] Aborting
2024-11-26T17:21:39.705849Z 0 [System] [MY-010910] [Server] /usr/sbin/mysqld: Shutdown complete (mysqld 8.0.40)  MySQL Community Server - GPL.
2024-11-26T17:22:03.576137Z 0 [Warning] [MY-011068] [Server] The syntax '--skip-host-cache' is deprecated and will be removed in a future release. Please use SET GLOBAL host_cache_size=0 instead.
2024-11-26T17:22:03.576178Z 0 [Warning] [MY-011070] [Server] 'binlog_format' is deprecated and will be removed in a future release.
2024-11-26T17:22:03.576199Z 0 [Warning] [MY-011069] [Server] The syntax '--transaction-write-set-extraction' is deprecated and will be removed in a future release.
2024-11-26T17:22:03.577577Z 0 [Warning] [MY-010918] [Server] 'default_authentication_plugin' is deprecated and will be removed in a future release. Please use authentication_policy instead.
2024-11-26T17:22:03.577597Z 0 [System] [MY-010116] [Server] /usr/sbin/mysqld (mysqld 8.0.40) starting as process 1
2024-11-26T17:22:03.597273Z 1 [System] [MY-013576] [InnoDB] InnoDB initialization has started.
2024-11-26T17:22:03.838629Z 1 [System] [MY-013577] [InnoDB] InnoDB initialization has ended.
mysqld: Table 'mysql.plugin' doesn't exist
2024-11-26T17:22:03.963541Z 0 [ERROR] [MY-010735] [Server] Could not open the mysql.plugin table. Please perform the MySQL upgrade procedure.
2024-11-26T17:22:03.963966Z 0 [Warning] [MY-010441] [Server] Failed to open optimizer cost constant tables
2024-11-26T17:22:03.964354Z 0 [Warning] [MY-010441] [Server] Failed to open optimizer cost constant tables
2024-11-26T17:22:03.964967Z 0 [Warning] [MY-010441] [Server] Failed to open optimizer cost constant tables
2024-11-26T17:22:03.965570Z 0 [Warning] [MY-010441] [Server] Failed to open optimizer cost constant tables
2024-11-26T17:22:03.965853Z 0 [Warning] [MY-010441] [Server] Failed to open optimizer cost constant tables
2024-11-26T17:22:03.966218Z 0 [Warning] [MY-010441] [Server] Failed to open optimizer cost constant tables
2024-11-26T17:22:03.966520Z 0 [Warning] [MY-010441] [Server] Failed to open optimizer cost constant tables
2024-11-26T17:22:04.055784Z 0 [Warning] [MY-010015] [Repl] Gtid table is not ready to be used. Table 'mysql.gtid_executed' cannot be opened.
2024-11-26T17:22:04.139976Z 0 [Warning] [MY-010015] [Repl] Gtid table is not ready to be used. Table 'mysql.gtid_executed' cannot be opened.
2024-11-26T17:22:04.147223Z 0 [Warning] [MY-010068] [Server] CA certificate ca.pem is self signed.
2024-11-26T17:22:04.147528Z 0 [System] [MY-013602] [Server] Channel mysql_main configured to support TLS. Encrypted connections are now supported for this channel.
2024-11-26T17:22:04.152070Z 0 [Warning] [MY-011810] [Server] Insecure configuration for --pid-file: Location '/var/run/mysqld' in the path is accessible to all OS users. Consider choosing a different directory.
2024-11-26T17:22:04.152892Z 0 [Warning] [MY-010441] [Server] Failed to open optimizer cost constant tables
2024-11-26T17:22:04.153661Z 0 [ERROR] [MY-013129] [Server] A message intended for a client cannot be sent there as no client-session is attached. Therefore, we're sending the information to the error-log instead: MY-001146 - Table 'mysql.component' doesn't exist
2024-11-26T17:22:04.153888Z 0 [Warning] [MY-013129] [Server] A message intended for a client cannot be sent there as no client-session is attached. Therefore, we're sending the information to the error-log instead: MY-003543 - The mysql.component table is missing or has an incorrect definition.
2024-11-26T17:22:04.154240Z 0 [ERROR] [MY-000067] [Server] unknown variable 'group_replication_group_name=aaaaaaaa-bbbb-cccc-dddd-eeeeeeeeeeee'.
2024-11-26T17:22:04.154537Z 0 [ERROR] [MY-010119] [Server] Aborting
2024-11-26T17:22:05.528245Z 0 [System] [MY-010910] [Server] /usr/sbin/mysqld: Shutdown complete (mysqld 8.0.40)  MySQL Community Server - GPL.
